0.02466607093811035
0.009322881698608398
0.009986400604248047
0.00833892822265625
0.011051416397094727
0.007783412933349609
0.009936332702636719
0.011013269424438477
0.007677793502807617
0.014037132263183594
0.014261484146118164
0.008586883544921875
0.007856369018554688
0.007689476013183594
0.007790803909301758
0.007795095443725586
0.007672309875488281
0.011404991149902344
0.007646799087524414
0.007779359817504883
0.0078046321868896484
0.0076503753662109375
0.008861780166625977
0.0076141357421875
0.007996797561645508
0.008558273315429688
0.0076961517333984375
0.008992433547973633
0.007868528366088867
0.00801229476928711
0.009046792984008789
0.007620334625244141
0.0100250244140625
0.009034395217895508
0.007641792297363281
0.009033441543579102
0.007717609405517578
0.00796198844909668
0.008947610855102539
0.007614612579345703
0.008869409561157227
0.008236169815063477
0.007558345794677734
0.008155345916748047
0.007566690444946289
0.007987260818481445
0.007811069488525391
0.007615327835083008
0.008043766021728516
0.007623195648193359
0.007659912109375
0.008775949478149414
0.007600307464599609
0.009061098098754883
0.007653951644897461
0.00789499282836914
0.008556127548217773
0.007628202438354492
0.008624792098999023
0.007780313491821289
0.007622480392456055
0.008080482482910156
0.007649898529052734
0.007996320724487305
0.007744789123535156
0.007647514343261719
0.008043527603149414
0.0076427459716796875
0.007811307907104492
0.007924079895019531
0.007659196853637695
0.008867502212524414
0.00785207748413086
0.0076525211334228516
0.00797724723815918
0.010637283325195312
0.009379148483276367
0.007920980453491211
0.007643699645996094
0.00798940658569336
0.007773876190185547
0.00784158706665039
0.007889747619628906
0.007788181304931641
0.008905172348022461
0.007864713668823242
0.00764155387878418
0.007730245590209961
0.007530689239501953
0.007736682891845703
0.0077326297760009766
0.007536888122558594
0.007760047912597656
0.007565736770629883
0.007741689682006836
0.007755756378173828
0.007537364959716797
0.007957696914672852
0.007772684097290039
0.007550716400146484
0.008056163787841797
0.010967493057250977
0.011509180068969727
0.010720491409301758
0.0075833797454833984
0.007815837860107422
0.007820606231689453
0.007540225982666016
0.007922887802124023
0.007630348205566406
0.007934808731079102
0.007871866226196289
0.00959157943725586
0.010610103607177734
0.008815526962280273
0.009690284729003906
0.009351968765258789
0.01214146614074707
0.010577201843261719
0.010572195053100586
0.007776737213134766
0.008083343505859375
0.007550239562988281
0.007542133331298828
0.007748842239379883
0.007520198822021484
0.007774829864501953
0.0077211856842041016
0.0075457096099853516
0.007952690124511719
0.007596492767333984
0.0077288150787353516
0.007876396179199219
0.007585287094116211
0.010937929153442383
0.010988235473632812
0.011418819427490234
0.007833719253540039
0.007513761520385742
0.007948875427246094
0.007828712463378906
0.007563114166259766
0.008129119873046875
0.007908105850219727
0.007600069046020508
0.007760047912597656
0.007531166076660156
0.0077397823333740234
0.0077474117279052734
0.0075795650482177734
0.007756471633911133
0.007506847381591797
0.007610321044921875
0.007763385772705078
0.007510662078857422
0.0077822208404541016
0.007597684860229492
0.007492542266845703
0.0077533721923828125
0.007520198822021484
0.007812023162841797
0.0076982975006103516
0.007483243942260742
0.00781393051147461
0.007477521896362305
0.0076618194580078125
0.0077362060546875
0.007506370544433594
0.007879495620727539
0.007670402526855469
0.007546901702880859
0.007778644561767578
0.0076067447662353516
0.0077724456787109375
0.0077250003814697266
0.0076525211334228516
0.007826566696166992
0.007734775543212891
0.007526397705078125
0.007909536361694336
0.0075359344482421875
0.007761478424072266
0.007876396179199219
0.0074748992919921875
0.007763862609863281
0.007635831832885742
0.007480144500732422
0.007852792739868164
0.007597446441650391
0.007665872573852539
0.007820367813110352
0.007605791091918945
0.007856607437133789
0.007783412933349609
0.007508993148803711
0.007827997207641602
0.00759124755859375
0.007891178131103516
0.007735729217529297
0.0075299739837646484
0.0078008174896240234
0.007628679275512695
0.007493495941162109
0.007829427719116211
0.007519960403442383
0.007753133773803711
0.0077974796295166016
0.007521152496337891
0.007810115814208984
0.0076639652252197266
0.007593631744384766
0.008341073989868164
0.007556438446044922
0.007734775543212891
0.007768392562866211
0.0075647830963134766
0.007806062698364258
0.007764339447021484
0.007481575012207031
0.00778651237487793
0.007596015930175781
0.008005142211914062
0.007701396942138672
0.007529020309448242
0.007737874984741211
0.0075604915618896484
0.007582902908325195
0.007635593414306641
0.0075452327728271484
0.007720470428466797
0.007690906524658203
0.007542610168457031
0.008933782577514648
0.007864236831665039
0.009097099304199219
0.007854938507080078
0.00754094123840332
0.007802486419677734
0.007628679275512695
0.007506847381591797
0.007795572280883789
0.007538557052612305
0.007863759994506836
0.00781559944152832
0.007497072219848633
0.007842779159545898
0.0075609683990478516
0.0075070858001708984
0.007709026336669922
0.007537126541137695
0.007695198059082031
0.007750034332275391
0.007561922073364258
0.007852792739868164
0.007563114166259766
0.007700443267822266
0.007793903350830078
0.007618427276611328
0.007891416549682617
0.007806539535522461
0.007578372955322266
0.007877826690673828
0.007695913314819336
0.007854700088500977
0.007800579071044922
0.00761103630065918
0.008269309997558594
0.00758814811706543
0.007676601409912109
0.007950067520141602
0.0077114105224609375
0.007892131805419922
0.007779121398925781
0.0076825618743896484
0.00815129280090332
0.0076868534088134766
0.007710695266723633
0.008060216903686523
0.007677316665649414
0.007936239242553711
0.007659196853637695
0.007664203643798828
0.007953882217407227
0.007609128952026367
0.007848501205444336
0.007888555526733398
0.007661104202270508
0.007926225662231445
0.007628440856933594
0.007704973220825195
0.007924556732177734
0.007691621780395508
0.0078008174896240234
0.00789332389831543
0.007635354995727539
0.007892847061157227
0.007683277130126953
0.007707357406616211
0.007928848266601562
0.007577657699584961
0.008023738861083984
0.0078012943267822266
0.007584571838378906
0.007924318313598633
0.007664918899536133
0.007831811904907227
0.007860183715820312
0.007637977600097656
0.007945060729980469
0.007674694061279297
0.007668495178222656
0.007819652557373047
0.007555484771728516
0.007837772369384766
0.007848739624023438
0.00755620002746582
0.007885932922363281
0.007691860198974609
0.015224456787109375
0.00791478157043457
0.007580757141113281
0.007885932922363281
0.007653474807739258
0.007547616958618164
0.007675886154174805
0.007537841796875
0.007667064666748047
0.0076541900634765625
0.007557868957519531
0.007880210876464844
0.0074923038482666016
0.007692813873291016
0.007723808288574219
0.00756072998046875
0.007774829864501953
0.008350372314453125
0.00751495361328125
0.008791446685791016
0.007529020309448242
0.007811069488525391
0.007598876953125
0.0075223445892333984
0.007829666137695312
0.007524728775024414
0.0075070858001708984
0.007676839828491211
0.00750279426574707
0.007697582244873047
0.0075495243072509766
0.0075092315673828125
0.007931232452392578
0.007557868957519531
0.00751042366027832
0.007799863815307617
0.007510185241699219
0.007777214050292969
0.007823944091796875
0.007610797882080078
0.0077304840087890625
0.007538318634033203
0.0075266361236572266
0.007765769958496094
0.007526874542236328
0.00774836540222168
0.00766444206237793
0.007528066635131836
0.0076406002044677734
0.007569074630737305
0.0074651241302490234
0.007634639739990234
0.00744318962097168
0.007517337799072266
0.007708072662353516
0.007533550262451172
0.007814407348632812
0.007747650146484375
0.0076236724853515625
0.008667469024658203
0.007637500762939453
0.00757288932800293
0.007810354232788086
0.007712841033935547
0.007535457611083984
0.0077669620513916016
0.008107423782348633
0.007849693298339844
0.007665872573852539
0.007604122161865234
0.008156299591064453
0.007855415344238281
0.007627964019775391
0.008146524429321289
0.007557392120361328
0.007853269577026367
0.00794219970703125
0.0076389312744140625
0.007925987243652344
0.0077250003814697266
0.0076274871826171875
0.008504152297973633
0.007714509963989258
0.007967472076416016
0.007909297943115234
0.007618427276611328
0.007988214492797852
0.00773930549621582
0.007723569869995117
0.00797891616821289
0.007614612579345703
0.007871866226196289
0.007861852645874023
0.00766301155090332
0.007939577102661133
0.007647991180419922
0.007859945297241211
0.007742166519165039
0.0076732635498046875
0.007813692092895508
0.0076830387115478516
0.007658958435058594
0.007715702056884766
0.007579803466796875
0.007811784744262695
0.007738351821899414
0.007569551467895508
0.007717609405517578
0.007584095001220703
0.00756072998046875
0.007893562316894531
0.007523298263549805
0.007796049118041992
0.007995128631591797
0.007544279098510742
0.007875204086303711
0.007528543472290039
0.00766754150390625
0.014784574508666992
0.007576465606689453
0.007825851440429688
0.007909536361694336
0.0076024532318115234
0.007691144943237305
0.007537841796875
0.007691621780395508
0.007672309875488281
0.007530689239501953
0.0076694488525390625
0.007679462432861328
0.007562875747680664
0.00771784782409668
0.0075168609619140625
0.007573843002319336
0.007708549499511719
0.007550239562988281
0.00782465934753418
0.007862091064453125
0.007573127746582031
0.007930755615234375
0.007562160491943359
0.007684230804443359
0.007754802703857422
0.007503509521484375
0.0076863765716552734
0.007620096206665039
0.007617473602294922
0.007853031158447266
0.007663249969482422
0.007825613021850586
0.007868051528930664
0.007600307464599609
0.007779121398925781
0.007742166519165039
0.007905244827270508
0.007880687713623047
0.007676601409912109
0.0077342987060546875
0.007843732833862305
0.007590532302856445
0.007835626602172852
0.007965564727783203
0.007563352584838867
0.007845878601074219
0.007709026336669922
0.007921934127807617
0.007872819900512695
0.0076406002044677734
0.014336824417114258
0.007847309112548828
0.007686138153076172
0.007807016372680664
0.007782459259033203
0.007666349411010742
0.007886409759521484
0.0076787471771240234
0.007745265960693359
0.007829427719116211
0.007626056671142578
0.007782936096191406
0.007814168930053711
0.007642030715942383
0.007905244827270508
0.00765681266784668
0.007899045944213867
0.007876396179199219
0.0076465606689453125
0.008066892623901367
0.008222579956054688
0.0077228546142578125
0.0078046321868896484
0.007605552673339844
0.007821083068847656
0.007856130599975586
0.007548093795776367
0.007896184921264648
0.007706642150878906
0.007644176483154297
0.0077321529388427734
0.007556915283203125
0.007875442504882812
0.0076520442962646484
0.007497310638427734
0.008075475692749023
0.007535219192504883
0.0077362060546875
0.007860660552978516
0.007636308670043945
0.014981508255004883
0.007609128952026367
0.007504463195800781
0.007848262786865234
0.007521629333496094
0.007825136184692383
0.00987386703491211
0.007596731185913086
0.00776982307434082
0.007604360580444336
0.0076715946197509766
0.007847309112548828
0.007634639739990234
0.007821798324584961
0.007949113845825195
0.007707118988037109
0.007708549499511719
0.008680343627929688
0.007691860198974609
0.007856369018554688
0.0076634883880615234
0.007784128189086914
0.007817268371582031
0.007570981979370117
0.007920980453491211
0.007768392562866211
0.007947444915771484
0.0078122615814208984
0.00763392448425293
0.007828712463378906
0.007756471633911133
0.007626771926879883
0.007876396179199219
0.007593631744384766
0.007672309875488281
0.007757663726806641
0.007645130157470703
0.007856607437133789
0.007725715637207031
0.007614612579345703
0.007818460464477539
0.007620811462402344
0.0078051090240478516
0.008060932159423828
0.007599353790283203
0.007886409759521484
0.007749080657958984
0.007658958435058594
0.007922887802124023
0.00765681266784668
0.007712602615356445
0.0077898502349853516
0.007657289505004883
0.007846832275390625
0.007862091064453125
0.00759434700012207
0.007889747619628906
0.00768280029296875
0.0075914859771728516
0.007843494415283203
0.00762486457824707
0.0077800750732421875
0.007801532745361328
0.0076520442962646484
0.007878303527832031
0.007647037506103516
0.007738351821899414
0.00783538818359375
0.007628679275512695
0.007825851440429688
0.007783174514770508
0.0076007843017578125
0.00774693489074707
0.007671833038330078
0.007726192474365234
0.007864952087402344
0.007704973220825195
0.00776982307434082
0.007811546325683594
0.0076446533203125
0.007965326309204102
0.007653951644897461
0.007652759552001953
0.007839202880859375
0.007620096206665039
0.007762908935546875
0.007817745208740234
0.007642507553100586
0.007876396179199219
0.007900714874267578
0.007689952850341797
0.007912158966064453
0.007718801498413086
0.007630825042724609
0.007847070693969727
0.007662057876586914
0.007774829864501953
0.00783681869506836
0.007601499557495117
0.007867813110351562
0.0076754093170166016
0.00758051872253418
0.00786280632019043
0.007659912109375
0.007848501205444336
0.00779271125793457
0.007585287094116211
0.007853984832763672
0.0076618194580078125
0.007563352584838867
0.007844209671020508
0.007686614990234375
0.007715463638305664
0.007841825485229492
0.007569074630737305
0.007837295532226562
0.0076236724853515625
0.007648944854736328
0.007781267166137695
0.0075871944427490234
0.007829904556274414
0.0077588558197021484
0.007588863372802734
0.007883787155151367
0.00762486457824707
0.007596015930175781
0.007851839065551758
0.0076520442962646484
0.00788426399230957
0.014691829681396484
0.007631063461303711
0.007827520370483398
0.00762939453125
0.0077342987060546875
0.007820844650268555
0.007617950439453125
0.00780940055847168
0.007691860198974609
0.0075740814208984375
0.007847070693969727
0.007574558258056641
0.007768869400024414
0.00802922248840332
0.010967731475830078
0.007904767990112305
0.00757145881652832
0.007688999176025391
0.007792949676513672
0.007581233978271484
0.007824420928955078
0.007619619369506836
0.007658720016479492
0.0078051090240478516
0.007671356201171875
0.007795572280883789
0.007768869400024414
0.0075948238372802734
0.007813453674316406
0.007674694061279297
0.007626533508300781
0.007722377777099609
0.007657766342163086
0.00776362419128418
0.007700443267822266
0.00764155387878418
0.0077092647552490234
0.0076122283935546875
0.0076711177825927734
0.007914304733276367
0.007666826248168945
0.007805585861206055
0.007934808731079102
0.007651567459106445
0.007864236831665039
0.00772547721862793
0.0075986385345458984
0.007839679718017578
0.0076634883880615234
0.007656097412109375
0.008195877075195312
0.007642984390258789
0.007869720458984375
0.008082389831542969
0.007639408111572266
0.008119583129882812
0.007842302322387695
0.00768733024597168
0.007775306701660156
0.007567405700683594
0.007775783538818359
0.007700204849243164
0.0076787471771240234
0.007813692092895508
0.0075321197509765625
0.007702350616455078
0.007742881774902344
0.007596015930175781
0.007866382598876953
0.0075473785400390625
0.007571220397949219
0.007714033126831055
0.007575273513793945
0.007775306701660156
0.0076258182525634766
0.007529497146606445
0.007790088653564453
0.007542848587036133
0.007766008377075195
0.007702827453613281
0.0075283050537109375
0.0076978206634521484
0.007587909698486328
0.0076465606689453125
0.007674694061279297
0.00754547119140625
0.0077266693115234375
0.007567167282104492
0.0075588226318359375
0.007768869400024414
0.007547140121459961
0.00764012336730957
0.007847309112548828
0.007569789886474609
0.007805347442626953
0.007592678070068359
0.0076045989990234375
0.008058309555053711
0.007647991180419922
0.0078029632568359375
0.007962465286254883
0.0076045989990234375
0.007971763610839844
0.00765228271484375
0.007783651351928711
0.007758617401123047
0.007675647735595703
0.007852315902709961
0.00771784782409668
0.008371829986572266
0.0078277587890625
0.007661342620849609
0.007738351821899414
0.007812023162841797
0.007616996765136719
0.007829427719116211
0.007636070251464844
0.00757288932800293
0.007752895355224609
0.007637739181518555
0.00775909423828125
0.0077860355377197266
0.0075833797454833984
0.007790803909301758
0.00761103630065918
0.007539987564086914
0.007786750793457031
0.007531166076660156
0.007606983184814453
0.007776021957397461
0.007647991180419922
0.00779414176940918
0.009196043014526367
0.007696390151977539
0.007839202880859375
0.007650852203369141
0.007834911346435547
0.007856369018554688
0.0076503753662109375
0.008103609085083008
0.007918357849121094
0.007643938064575195
0.007882833480834961
0.014889955520629883
0.0077667236328125
0.007758378982543945
0.007554769515991211
0.007949590682983398
0.0076580047607421875
0.007678031921386719
0.007799863815307617
0.007738590240478516
0.00781702995300293
0.0077059268951416016
0.007614612579345703
0.007959127426147461
0.007652997970581055
0.007857799530029297
0.007768392562866211
0.007569551467895508
0.007853984832763672
0.007579326629638672
0.0077893733978271484
0.007772684097290039
0.0076334476470947266
0.007865667343139648
0.007558107376098633
0.007588386535644531
0.007769346237182617
0.007598161697387695
0.007839679718017578
0.0076940059661865234
0.007639884948730469
0.007839441299438477
0.007673740386962891
0.007798433303833008
0.007811784744262695
0.007987499237060547
0.007866621017456055
0.007689476013183594
0.007647514343261719
0.0078046321868896484
0.007618427276611328
0.007699489593505859
0.007799386978149414
0.0075168609619140625
0.008013248443603516
0.007797956466674805
0.007584571838378906
0.007818460464477539
0.007632255554199219
0.007809162139892578
0.007783174514770508
0.007620811462402344
0.007896661758422852
0.0076558589935302734
0.007605075836181641
0.00781869888305664
0.007559776306152344
0.007765531539916992
0.007806539535522461
0.007572650909423828
0.00798177719116211
0.007657051086425781
0.007588386535644531
0.007811069488525391
0.007654428482055664
0.007765769958496094
0.007816314697265625
0.007593393325805664
0.007839679718017578
0.007900476455688477
0.00769805908203125
0.007892370223999023
0.0075855255126953125
0.007701873779296875
0.007797956466674805
0.0076487064361572266
0.007865190505981445
0.007937908172607422
0.007581472396850586
0.007942914962768555
0.007735490798950195
0.007588863372802734
0.008369922637939453
0.007660388946533203
0.0077571868896484375
0.007917642593383789
0.007635593414306641
0.00804901123046875
0.007715940475463867
0.007543802261352539
0.008054494857788086
0.007603883743286133
0.00773310661315918
0.007966279983520508
0.00771641731262207
0.007882118225097656
0.007996559143066406
0.007596492767333984
0.00853586196899414
0.007708072662353516
0.007648944854736328
0.008032083511352539
0.007712841033935547
0.008008480072021484
0.007725238800048828
0.007607221603393555
0.00818324089050293
0.007586240768432617
0.007792949676513672
0.008008241653442383
0.007665157318115234
0.007817506790161133
0.007913589477539062
0.007645368576049805
0.007911443710327148
0.007656574249267578
0.007529497146606445
0.007946252822875977
0.007531881332397461
0.007754087448120117
0.007910966873168945
0.007545948028564453
0.01182866096496582
0.007515668869018555
0.007616758346557617
0.008245706558227539
0.007508516311645508
0.007611513137817383
0.007644176483154297
0.007544517517089844
0.007800102233886719
0.007555961608886719
0.0077021121978759766
0.0077724456787109375
0.007517576217651367
0.007712602615356445
0.007486581802368164
0.007539987564086914
0.007807016372680664
0.007654666900634766
0.007775783538818359
0.007668256759643555
0.0075702667236328125
0.007821321487426758
0.007707357406616211
0.007686614990234375
0.007712602615356445
0.007517576217651367
0.007821321487426758
0.007536649703979492
0.0075817108154296875
0.007731437683105469
0.0075266361236572266
0.007832765579223633
0.007631063461303711
0.007515668869018555
0.007721424102783203
0.0075266361236572266
0.007603883743286133
0.007853507995605469
0.0077228546142578125
0.00781702995300293
0.007713794708251953
0.008877038955688477
0.008493661880493164
0.007555246353149414
0.007702827453613281
0.00853276252746582
0.007544994354248047
0.008480072021484375
0.008065462112426758
0.00754547119140625
0.00874781608581543
0.007522106170654297
0.007898807525634766
0.00853729248046875
0.007550716400146484
0.008512020111083984
0.0075910091400146484
0.007650613784790039
0.008521318435668945
0.007487773895263672
0.008492231369018555
0.00844717025756836
0.007583141326904297
0.008481502532958984
0.007537841796875
0.00768589973449707
0.008559942245483398
0.007569551467895508
0.00846719741821289
0.0077250003814697266
0.007650136947631836
0.008191108703613281
0.007636547088623047
0.007893085479736328
0.007989168167114258
0.007640361785888672
0.008218050003051758
0.0077288150787353516
0.007691144943237305
0.007981538772583008
0.007612466812133789