0.008813142776489258
0.009294986724853516
0.010378360748291016
0.008468151092529297
0.008670806884765625
0.009526252746582031
0.008338451385498047
0.009050130844116211
0.008735179901123047
0.008662700653076172
0.008825540542602539
0.00871896743774414
0.008962392807006836
0.008759498596191406
0.008743047714233398
0.008862018585205078
0.008448600769042969
0.009984731674194336
0.008330106735229492
0.009789705276489258
0.008408784866333008
0.009648323059082031
0.008376359939575195
0.01838541030883789
0.008933305740356445
0.009291410446166992
0.008468866348266602
0.008598089218139648
0.00846242904663086
0.008616924285888672
0.008428335189819336
0.008640766143798828
0.008365392684936523
0.008624076843261719
0.008397340774536133
0.008670330047607422
0.008414030075073242
0.008640289306640625
0.008392810821533203
0.008678674697875977
0.00852513313293457
0.008624076843261719
0.008322715759277344
0.008903026580810547
0.008347511291503906
0.008550882339477539
0.008721590042114258
0.008689641952514648
0.008247852325439453
0.008558273315429688
0.008272886276245117
0.008744001388549805
0.00828862190246582
0.008496284484863281
0.008310079574584961
0.00848245620727539
0.008267402648925781
0.008548259735107422
0.00825047492980957
0.008530855178833008
0.008264780044555664
0.008448600769042969
0.008203744888305664
0.008426427841186523
0.008256673812866211
0.008432149887084961
0.008308649063110352
0.008481979370117188
0.00839996337890625
0.008601665496826172
0.008341789245605469
0.008638620376586914
0.00847172737121582
0.008550882339477539
0.008586645126342773
0.008434772491455078
0.008550167083740234
0.008419036865234375
0.008553504943847656
0.008410215377807617
0.00858449935913086
0.008408069610595703
0.008861064910888672
0.008396148681640625
0.008642196655273438
0.016638755798339844
0.008677482604980469
0.008576393127441406
0.008754730224609375
0.008594751358032227
0.008764266967773438
0.008385419845581055
0.008828163146972656
0.00841212272644043
0.008679389953613281
0.008368968963623047
0.008959531784057617
0.008450508117675781
0.00888514518737793
0.008443832397460938
0.00909876823425293
0.00832509994506836
0.008476495742797852
0.008353233337402344
0.016837596893310547
0.008357763290405273
0.008909940719604492
0.00833582878112793
0.00897836685180664
0.008347749710083008
0.008833169937133789
0.008295059204101562
0.00888681411743164
0.016772985458374023
0.008898735046386719
0.008341073989868164
0.009120941162109375
0.008470773696899414
0.008984565734863281
0.008360624313354492
0.008969783782958984
0.008496999740600586
0.008756399154663086
0.008404731750488281
0.008662700653076172
0.008362770080566406
0.008627653121948242
0.008433103561401367
0.008617639541625977
0.008407354354858398
0.008631229400634766
0.008416414260864258
0.016887426376342773
0.008379220962524414
0.008802652359008789
0.008378982543945312
0.008702516555786133
0.008432149887084961
0.00862741470336914
0.008417606353759766
0.008592605590820312
0.008418083190917969
0.008625984191894531
0.008428335189819336
0.008637428283691406
0.016552448272705078
0.008762836456298828
0.008440494537353516
0.016658782958984375
0.008399486541748047
0.008625268936157227
0.008459806442260742
0.00859212875366211
0.008403539657592773
0.008613109588623047
0.008489131927490234
0.008554935455322266
0.008491277694702148
0.00867462158203125
0.008551836013793945
0.008432388305664062
0.008554697036743164
0.008443832397460938
0.008643865585327148
0.008397579193115234
0.008580207824707031
0.008394718170166016
0.008520841598510742
0.008384943008422852
0.008758783340454102
0.008469343185424805
0.00857090950012207
0.008374691009521484
0.008707046508789062
0.008282661437988281
0.008799314498901367
0.008318901062011719
0.008778810501098633
0.009757041931152344
0.008780241012573242
0.008251667022705078
0.00864410400390625
0.008339881896972656
0.008588790893554688
0.008388280868530273
0.008599996566772461
0.008290529251098633
0.008453130722045898
0.008258819580078125
0.008502721786499023
0.008233070373535156
0.008458137512207031
0.008275032043457031
0.008696317672729492
0.00912332534790039
0.008370637893676758
0.008208990097045898
0.008339166641235352
0.008269309997558594
0.008376359939575195
0.00822138786315918
0.009196996688842773
0.008280038833618164
0.009153366088867188
0.008258342742919922
0.008471965789794922
0.008390188217163086
0.008476018905639648
0.00841069221496582
0.008404016494750977
0.00851297378540039
0.009150981903076172
0.011022567749023438
0.00914311408996582
0.008438587188720703
0.008343219757080078
0.008450508117675781
0.008431673049926758
0.008414983749389648
0.008371829986572266
0.008378028869628906
0.01589179039001465
0.008448600769042969
0.008321762084960938
0.008514404296875
0.008394241333007812
0.00845026969909668
0.008464574813842773
0.008449554443359375
0.00836491584777832
0.008424758911132812
0.008255720138549805
0.008488893508911133
0.008282661437988281
0.008509635925292969
0.00830388069152832
0.008479595184326172
0.008275032043457031
0.008495569229125977
0.008344411849975586
0.008517265319824219
0.00827789306640625
0.008490800857543945
0.008307456970214844
0.008545160293579102
0.008261680603027344
0.008474111557006836
0.008313417434692383
0.008441448211669922
0.008320093154907227
0.00844573974609375
0.008395671844482422
0.008661031723022461
0.008327722549438477
0.008435487747192383
0.008311748504638672
0.015608787536621094
0.008378744125366211
0.008556842803955078
0.008532285690307617
0.008300304412841797
0.008513450622558594
0.008705854415893555
0.008543014526367188
0.008426189422607422
0.00857400894165039
0.008352994918823242
0.008574485778808594
0.008460044860839844
0.008509159088134766
0.01579761505126953
0.008565187454223633
0.008328437805175781
0.016332387924194336
0.00826573371887207
0.008581399917602539
0.008350133895874023
0.008568525314331055
0.008309364318847656
0.008794784545898438
0.008289098739624023
0.008529901504516602
0.00834512710571289
0.016364574432373047
0.00833892822265625
0.008317232131958008
0.008228540420532227
0.008904218673706055
0.008301496505737305
0.008926630020141602
0.008275985717773438
0.008506298065185547
0.008260011672973633
0.00849151611328125
0.008256673812866211
0.00851297378540039
0.008256912231445312
0.008513450622558594
0.008237600326538086
0.008877992630004883
0.008286476135253906
0.008520364761352539
0.008308172225952148
0.008484601974487305
0.008285760879516602
0.008534431457519531
0.008264303207397461
0.008560419082641602
0.00824737548828125
0.008591413497924805
0.008306741714477539
0.00858163833618164
0.008280277252197266
0.008651018142700195
0.008277416229248047
0.008454561233520508
0.008292675018310547
0.008461475372314453
0.008246898651123047
0.00847482681274414
0.008391857147216797
0.008463382720947266
0.008435487747192383
0.008500099182128906
0.008489131927490234
0.008354425430297852
0.008678197860717773
0.008313179016113281
0.008521080017089844
0.00828695297241211
0.008608579635620117
0.008408308029174805
0.008588314056396484
0.008305788040161133
0.008463859558105469
0.008212804794311523
0.008570194244384766
0.008216381072998047
0.008549928665161133
0.008210182189941406
0.008549690246582031
0.008413076400756836
0.008611917495727539
0.009513378143310547
0.008653879165649414
0.008399009704589844
0.008651494979858398
0.008418560028076172
0.008708953857421875
0.008404016494750977
0.008528947830200195
0.008383512496948242
0.008675336837768555
0.00838923454284668
0.008629083633422852
0.00840616226196289
0.008697986602783203
0.008385896682739258
0.00865793228149414
0.008353471755981445
0.008658647537231445
0.008402347564697266
0.008570432662963867
0.008405685424804688
0.008812665939331055
0.008411169052124023
0.008788585662841797
0.00836944580078125
0.008735895156860352
0.008378267288208008
0.008746862411499023
0.008440256118774414
0.008803129196166992
0.00840449333190918
0.008758544921875
0.008396625518798828
0.008808135986328125
0.00838327407836914
0.008766651153564453
0.008417367935180664
0.008727073669433594
0.008414983749389648
0.008783102035522461
0.00839376449584961
0.00871419906616211
0.008405208587646484
0.008779048919677734
0.008355140686035156
0.008676290512084961
0.0083770751953125
0.0086517333984375
0.008353471755981445
0.008745908737182617
0.008367300033569336
0.008955001831054688
0.008384943008422852
0.008951187133789062
0.008348226547241211
0.010343074798583984
0.008421659469604492
0.008781909942626953
0.008367061614990234
0.008573532104492188
0.008371353149414062
0.008634090423583984
0.008449792861938477
0.008579254150390625
0.00840306282043457
0.008642911911010742
0.008420705795288086
0.008505582809448242
0.008445501327514648
0.008521080017089844
0.008404016494750977
0.008574962615966797
0.008380651473999023
0.00856781005859375
0.008425712585449219
0.008594274520874023
0.008396148681640625
0.008616209030151367
0.008375167846679688
0.008648872375488281
0.008398294448852539
0.008798599243164062
0.008365869522094727
0.00873875617980957
0.008449316024780273
0.008758544921875
0.008415699005126953
0.008835554122924805
0.008354902267456055
0.008735418319702148
0.008395671844482422
0.00853729248046875
0.008345365524291992
0.008522510528564453
0.00835418701171875
0.008548974990844727
0.00852346420288086
0.009361028671264648
0.008481979370117188
0.00874018669128418
0.008421182632446289
0.00858449935913086
0.008399248123168945
0.008574485778808594
0.008432865142822266
0.008832216262817383
0.008531570434570312
0.008805036544799805
0.008482217788696289
0.011217355728149414
0.012445449829101562
0.01174020767211914
0.012846231460571289
0.013428211212158203
0.011839628219604492
0.010386466979980469
0.008555173873901367
0.00864410400390625
0.008333683013916016
0.008435726165771484
0.008285760879516602
0.012012004852294922
0.010589361190795898
0.013259410858154297
0.009272098541259766
0.012500524520874023
0.009008169174194336
0.008538484573364258
0.00825190544128418
0.008574962615966797
0.008400201797485352
0.008728981018066406
0.008298158645629883
0.008497953414916992
0.008439779281616211
0.00867605209350586
0.00825357437133789
0.00872492790222168
0.008246183395385742
0.009611129760742188
0.008301734924316406
0.009438037872314453
0.008429288864135742
0.01759648323059082
0.009032249450683594
0.00921320915222168
0.00858306884765625
0.00919342041015625
0.008498668670654297
0.008714675903320312
0.008446693420410156
0.008616447448730469
0.00861048698425293
0.008507490158081055
0.008408784866333008
0.008527994155883789
0.008373260498046875
0.008572578430175781
0.008439779281616211
0.00844264030456543
0.008419990539550781
0.008570194244384766
0.008375883102416992
0.00838923454284668
0.008475303649902344
0.008437633514404297
0.008508920669555664
0.008441686630249023
0.008247613906860352
0.008616924285888672
0.008400440216064453
0.008486270904541016
0.00825643539428711
0.008542060852050781
0.008314847946166992
0.008337974548339844
0.008219480514526367
0.008532285690307617
0.008245229721069336
0.008558273315429688
0.008309125900268555
0.008498907089233398
0.008240699768066406
0.008523702621459961
0.008250236511230469
0.008521556854248047
0.008212089538574219
0.008552074432373047
0.008233308792114258
0.008586883544921875
0.00826883316040039
0.008525848388671875
0.008262872695922852
0.008592844009399414
0.008212566375732422
0.00851750373840332
0.008241653442382812
0.009092330932617188
0.008378744125366211
0.009114980697631836
0.008423805236816406
0.008387327194213867
0.010223150253295898
0.01651453971862793
0.008578777313232422
0.00842905044555664
0.008318185806274414
0.008509397506713867
0.008263587951660156
0.009629964828491211
0.008522987365722656
0.008500337600708008
0.008447885513305664
0.008474588394165039
0.008514404296875
0.00847935676574707
0.008555412292480469
0.008449316024780273
0.008378982543945312
0.0084075927734375
0.008363723754882812
0.008487701416015625
0.008328676223754883
0.008523225784301758
0.008403301239013672
0.008627653121948242
0.008523941040039062
0.008489608764648438
0.008354663848876953
0.008447408676147461
0.008345603942871094
0.00835871696472168
0.008250713348388672
0.008403778076171875
0.008313179016113281
0.008376836776733398
0.008375883102416992
0.008385896682739258
0.008356571197509766
0.008405685424804688
0.008350372314453125
0.008430242538452148
0.008369684219360352
0.008390188217163086
0.008276224136352539
0.008441686630249023
0.009111642837524414
0.008929967880249023
0.008406400680541992
0.008555412292480469
0.008401632308959961
0.008418560028076172
0.008439064025878906
0.008448123931884766
0.008367061614990234
0.008421897888183594
0.008397340774536133
0.008541107177734375
0.008458852767944336
0.010269403457641602
0.008349895477294922
0.008509397506713867
0.008538961410522461
0.008353233337402344
0.008487701416015625
0.008417606353759766
0.008427143096923828
0.00830984115600586
0.008291959762573242
0.008512735366821289
0.008267402648925781
0.008547544479370117
0.008317947387695312
0.008447647094726562
0.008401632308959961
0.00857996940612793
0.008324384689331055
0.008552312850952148
0.008323907852172852
0.008534669876098633
0.00834798812866211
0.008481264114379883
0.00877070426940918
0.008753776550292969
0.008858442306518555
0.008446693420410156
0.008891105651855469
0.008399724960327148
0.008290529251098633
0.008658647537231445
0.008356332778930664
0.0084228515625
0.008356809616088867
0.008492708206176758
0.008391618728637695
0.008415460586547852
0.00876927375793457
0.00849008560180664
0.008904457092285156
0.00841665267944336
0.008808612823486328
0.008362054824829102
0.008866548538208008
0.008292675018310547
0.008849859237670898
0.008227825164794922
0.008633613586425781
0.0083160400390625
0.008505582809448242
0.008330106735229492
0.008546590805053711
0.008311748504638672
0.008551836013793945
0.008298397064208984
0.008571147918701172
0.008316993713378906
0.008809804916381836
0.008192062377929688
0.008772134780883789
0.008249759674072266
0.008773326873779297
0.008186817169189453
0.008786201477050781
0.008206367492675781
0.008800983428955078
0.008222818374633789
0.008758544921875
0.008286237716674805
0.008774757385253906
0.008203268051147461
0.008813619613647461
0.008241891860961914
0.00888967514038086
0.008192300796508789
0.009134531021118164
0.008213281631469727
0.008738040924072266
0.008384943008422852
0.008970260620117188
0.008255243301391602
0.00882577896118164
0.008202314376831055
0.008720636367797852
0.008311271667480469
0.008838415145874023
0.008227825164794922
0.008752584457397461
0.008188247680664062
0.008779525756835938
0.008221864700317383
0.00877833366394043
0.008168220520019531
0.010705232620239258
0.008414268493652344
0.008855819702148438
0.00826263427734375
0.008907556533813477
0.008204221725463867
0.008733272552490234
0.008320331573486328
0.00882720947265625
0.008513212203979492
0.008481025695800781
0.008555412292480469
0.008451223373413086
0.008429765701293945
0.00838160514831543
0.008422613143920898
0.008317708969116211
0.008416175842285156
0.008520364761352539
0.00841379165649414
0.008427143096923828
0.008453845977783203
0.008369922637939453
0.008587837219238281
0.008325576782226562
0.008683204650878906
0.008277416229248047
0.008898019790649414
0.008264303207397461
0.008483409881591797
0.008273601531982422
0.008528947830200195
0.008237600326538086
0.008511543273925781
0.008317708969116211
0.008617877960205078
0.008269786834716797
0.008489847183227539
0.008270025253295898
0.008525371551513672
0.00833272933959961
0.008505582809448242
0.008288145065307617
0.008610725402832031
0.00829935073852539
0.008559465408325195
0.008234739303588867
0.008598566055297852
0.008262157440185547
0.008477210998535156
0.008361339569091797
0.008522272109985352
0.008269071578979492
0.008488178253173828
0.008371353149414062
0.008580923080444336
0.008245229721069336
0.008562088012695312
0.008304834365844727
0.008506059646606445
0.00830388069152832
0.00853872299194336
0.008233070373535156
0.00851583480834961
0.008293628692626953
0.008558273315429688
0.008268356323242188
0.008621692657470703
0.008316993713378906
0.008580684661865234
0.008213520050048828
0.008601665496826172
0.00841975212097168
0.008588790893554688
0.008188486099243164
0.00858449935913086
0.00825810432434082
0.008544683456420898
0.008220672607421875
0.008585214614868164
0.008208751678466797
0.008513212203979492
0.00821542739868164
0.008687257766723633
0.008302688598632812
0.008472681045532227
0.008215904235839844
0.008434534072875977
0.008157491683959961
0.008508443832397461
0.008266925811767578
0.008471965789794922
0.008174657821655273
0.008696794509887695
0.00842142105102539
0.008723735809326172
0.008355855941772461
0.008726835250854492
0.008405208587646484
0.008730411529541016
0.00842142105102539
0.008682489395141602
0.008355855941772461
0.008640766143798828
0.00838780403137207
0.008711576461791992
0.008399486541748047
0.008656501770019531
0.008362531661987305
0.00862574577331543
0.008389949798583984
0.008729934692382812
0.008385419845581055
0.008613109588623047
0.008378982543945312
0.008630037307739258
0.00841975212097168
0.008786916732788086
0.008392810821533203
0.008601665496826172
0.008443355560302734
0.00881338119506836
0.008358240127563477
0.008634805679321289
0.008418560028076172
0.008721113204956055
0.008369922637939453
0.008615493774414062
0.008349418640136719
0.00852513313293457
0.00824427604675293
0.009179353713989258
0.00825643539428711
0.009125947952270508
0.008295059204101562
0.009216785430908203
0.00821828842163086
0.009172201156616211
0.008297204971313477
0.009283781051635742
0.00822758674621582
0.009323358535766602
0.008224010467529297
0.009343624114990234
0.008247613906860352
0.00897836685180664
0.008562088012695312
0.008852720260620117
0.008371353149414062
0.009008646011352539
0.00833272933959961
0.008903980255126953
0.008367538452148438
0.008777379989624023
0.008635282516479492
0.008547306060791016
0.00833892822265625
0.00852513313293457
0.008433103561401367
0.008624076843261719
0.008643627166748047
0.008583307266235352
0.008482933044433594
0.00842595100402832
0.008448362350463867
0.008482933044433594
0.008515596389770508
0.008402347564697266
0.008537530899047852
0.008388757705688477
0.008669614791870117
0.008362293243408203
0.008728981018066406
0.008503198623657227
0.008656978607177734
0.00836491584777832
0.008633613586425781
0.008449554443359375
0.008655071258544922
0.008400440216064453
0.00862741470336914
0.008354663848876953
0.008783340454101562
0.00834035873413086
0.008576393127441406
0.008318424224853516
0.008539438247680664
0.008403301239013672
0.008576393127441406
0.008419513702392578
0.008530378341674805
0.008394002914428711
0.008469104766845703
0.008515357971191406
0.00850677490234375
0.008536815643310547
0.008649826049804688
0.008517742156982422
0.008555412292480469
0.008510589599609375
0.008523225784301758
0.008524179458618164
0.008507251739501953
0.008547544479370117
0.008495569229125977
0.008491039276123047
0.008505105972290039
0.008502721786499023
0.008543252944946289
0.008591413497924805
0.00850677490234375
0.00855255126953125
0.008573055267333984
0.008544445037841797
0.008645057678222656
0.008554697036743164
0.008536815643310547
0.00849604606628418
0.008589506149291992
0.008480310440063477
0.00863790512084961
0.008529186248779297
0.008641958236694336
0.008526325225830078
0.008628368377685547
0.008563041687011719
0.00858449935913086
0.008471012115478516
0.008445978164672852
0.008486509323120117
0.008529186248779297
0.00947880744934082
0.011315345764160156
0.010607242584228516
0.00836801528930664
0.009572505950927734
0.00831151008605957
0.009238243103027344
0.008239269256591797
0.009164094924926758
0.008270263671875
0.009296178817749023
0.008246183395385742
0.009246826171875
0.00832056999206543
0.009474992752075195
0.008278369903564453
0.009430646896362305
0.00824427604675293
0.009501934051513672
0.008253335952758789
0.009573936462402344
0.008287429809570312
0.009460687637329102
0.00834798812866211
0.009506702423095703
0.008244514465332031
0.009479522705078125
0.008274078369140625
0.00943136215209961
0.008293390274047852
0.009488344192504883
0.008244752883911133
0.009317636489868164
0.008509397506713867
0.00908041000366211
0.00831151008605957
0.009078741073608398
0.009186744689941406
0.00861215591430664
0.009436607360839844
0.008619308471679688
0.009324789047241211
0.008455514907836914
0.009482860565185547
0.008365869522094727
0.009379148483276367
0.008361577987670898
0.009472846984863281
0.008306026458740234
0.009551525115966797
0.00834798812866211
0.009458065032958984
0.008234977722167969
0.009211301803588867
0.008262157440185547
0.009599447250366211
0.01682734489440918
0.00960230827331543
0.008324146270751953
0.009490728378295898
0.008274078369140625
0.00953221321105957
0.008259773254394531
0.009498357772827148
0.008288860321044922
0.009476184844970703
0.008279085159301758
0.009474515914916992
0.008275508880615234
0.009493350982666016
0.008296728134155273
0.009467601776123047
0.008286714553833008
0.009145021438598633